[25-Mar-2026 11:14:45 UTC] PHP Warning:  Undefined array key "mime" in C:\wamp64\www\widemaze\api\posts.php on line 233
[25-Mar-2026 11:14:45 UTC] PHP Stack trace:
[25-Mar-2026 11:14:45 UTC] PHP   1. {main}() C:\wamp64\www\widemaze\api\posts.php:0
[25-Mar-2026 11:14:45 UTC] PHP Warning:  Undefined array key "mime" in C:\wamp64\www\widemaze\api\posts.php on line 235
[25-Mar-2026 11:14:45 UTC] PHP Stack trace:
[25-Mar-2026 11:14:45 UTC] PHP   1. {main}() C:\wamp64\www\widemaze\api\posts.php:0
[25-Mar-2026 11:14:55 UTC] PHP Fatal error:  Uncaught PDOException: SQLSTATE[HY000]: General error: 1191 Impossible de trouver un index FULLTEXT correspondant à cette liste de colonnes in C:\wamp64\www\widemaze\api\search.php:86
Stack trace:
#0 C:\wamp64\www\widemaze\api\search.php(86): PDO->prepare('\r\n            S...')
#1 {main}
  thrown in C:\wamp64\www\widemaze\api\search.php on line 86
[25-Mar-2026 11:14:57 UTC] PHP Fatal error:  Uncaught PDOException: SQLSTATE[HY000]: General error: 1191 Impossible de trouver un index FULLTEXT correspondant à cette liste de colonnes in C:\wamp64\www\widemaze\api\search.php:86
Stack trace:
#0 C:\wamp64\www\widemaze\api\search.php(86): PDO->prepare('\r\n            S...')
#1 {main}
  thrown in C:\wamp64\www\widemaze\api\search.php on line 86
[25-Mar-2026 11:15:05 UTC] Error fetching conversations: SQLSTATE[HY093]: Invalid parameter number
[25-Mar-2026 11:15:09 UTC] Error fetching conversations: SQLSTATE[HY093]: Invalid parameter number
[25-Mar-2026 11:15:26 UTC] Error fetching conversations: SQLSTATE[HY093]: Invalid parameter number
[25-Mar-2026 11:21:43 UTC] Error fetching conversations: SQLSTATE[HY093]: Invalid parameter number
[25-Mar-2026 11:23:23 UTC] PHP Warning:  Undefined variable $loop in C:\wamp64\www\widemaze\pages\communautes.php on line 506
[25-Mar-2026 11:23:23 UTC] PHP Stack trace:
[25-Mar-2026 11:23:23 UTC] PHP   1. {main}() C:\wamp64\www\widemaze\pages\communautes.php:0
[25-Mar-2026 11:23:23 UTC] PHP Warning:  Attempt to read property "iteration" on null in C:\wamp64\www\widemaze\pages\communautes.php on line 506
[25-Mar-2026 11:23:23 UTC] PHP Stack trace:
[25-Mar-2026 11:23:23 UTC] PHP   1. {main}() C:\wamp64\www\widemaze\pages\communautes.php:0
[25-Mar-2026 11:25:47 UTC] PHP Warning:  Undefined array key "privacy" in C:\wamp64\www\widemaze\api\posts.php on line 213
[25-Mar-2026 11:25:47 UTC] PHP Stack trace:
[25-Mar-2026 11:25:47 UTC] PHP   1. {main}() C:\wamp64\www\widemaze\api\posts.php:0
[25-Mar-2026 11:25:48 UTC] PHP Warning:  Undefined array key "mime" in C:\wamp64\www\widemaze\api\posts.php on line 233
[25-Mar-2026 11:25:48 UTC] PHP Stack trace:
[25-Mar-2026 11:25:48 UTC] PHP   1. {main}() C:\wamp64\www\widemaze\api\posts.php:0
[25-Mar-2026 11:25:48 UTC] PHP Warning:  Undefined array key "mime" in C:\wamp64\www\widemaze\api\posts.php on line 235
[25-Mar-2026 11:25:48 UTC] PHP Stack trace:
[25-Mar-2026 11:25:48 UTC] PHP   1. {main}() C:\wamp64\www\widemaze\api\posts.php:0
[25-Mar-2026 11:25:50 UTC] PHP Warning:  Undefined array key "privacy" in C:\wamp64\www\widemaze\api\posts.php on line 213
[25-Mar-2026 11:25:50 UTC] PHP Stack trace:
[25-Mar-2026 11:25:50 UTC] PHP   1. {main}() C:\wamp64\www\widemaze\api\posts.php:0
[25-Mar-2026 11:25:51 UTC] PHP Warning:  Undefined array key "mime" in C:\wamp64\www\widemaze\api\posts.php on line 233
[25-Mar-2026 11:25:51 UTC] PHP Stack trace:
[25-Mar-2026 11:25:51 UTC] PHP   1. {main}() C:\wamp64\www\widemaze\api\posts.php:0
[25-Mar-2026 11:25:51 UTC] PHP Warning:  Undefined array key "mime" in C:\wamp64\www\widemaze\api\posts.php on line 235
[25-Mar-2026 11:25:51 UTC] PHP Stack trace:
[25-Mar-2026 11:25:51 UTC] PHP   1. {main}() C:\wamp64\www\widemaze\api\posts.php:0
[28-Mar-2026 06:33:43 UTC] Error fetching conversations: SQLSTATE[HY093]: Invalid parameter number
[28-Mar-2026 06:43:59 UTC] Error fetching conversations: SQLSTATE[HY093]: Invalid parameter number
[28-Mar-2026 06:50:32 UTC] Error fetching conversations: SQLSTATE[HY093]: Invalid parameter number
[28-Mar-2026 06:50:34 UTC] Error fetching conversations: SQLSTATE[HY093]: Invalid parameter number
[28-Mar-2026 06:51:25 UTC] Error fetching conversations: SQLSTATE[HY093]: Invalid parameter number
[28-Mar-2026 06:52:43 UTC] PHP Warning:  Undefined array key "privacy" in C:\wamp64\www\widemaze\api\posts.php on line 213
[28-Mar-2026 06:52:43 UTC] PHP Stack trace:
[28-Mar-2026 06:52:43 UTC] PHP   1. {main}() C:\wamp64\www\widemaze\api\posts.php:0
[28-Mar-2026 06:58:07 UTC] Error fetching conversations: SQLSTATE[HY093]: Invalid parameter number
[28-Mar-2026 06:58:08 UTC] Error fetching conversations: SQLSTATE[HY093]: Invalid parameter number
[29-Mar-2026 11:25:33 UTC] Error fetching conversations: SQLSTATE[HY093]: Invalid parameter number
[29-Mar-2026 11:25:36 UTC] Error fetching conversations: SQLSTATE[HY093]: Invalid parameter number
[29-Mar-2026 11:25:47 UTC] Error fetching conversations: SQLSTATE[HY093]: Invalid parameter number
[29-Mar-2026 11:25:50 UTC] Error fetching conversations: SQLSTATE[HY093]: Invalid parameter number
[29-Mar-2026 11:25:52 UTC] Error fetching conversations: SQLSTATE[HY093]: Invalid parameter number
[29-Mar-2026 11:25:57 UTC] Error fetching conversations: SQLSTATE[HY093]: Invalid parameter number
[29-Mar-2026 11:26:00 UTC] Error fetching conversations: SQLSTATE[HY093]: Invalid parameter number
[29-Mar-2026 11:32:10 UTC] Error fetching conversations: SQLSTATE[HY093]: Invalid parameter number
[29-Mar-2026 11:34:06 UTC] Error fetching conversations: SQLSTATE[HY093]: Invalid parameter number
[29-Mar-2026 11:35:27 UTC] Error fetching conversations: SQLSTATE[HY093]: Invalid parameter number
[29-Mar-2026 11:35:49 UTC] Error fetching conversations: SQLSTATE[HY093]: Invalid parameter number
[29-Mar-2026 11:36:04 UTC] Error fetching conversations: SQLSTATE[HY093]: Invalid parameter number
[29-Mar-2026 11:36:12 UTC] Error fetching conversations: SQLSTATE[HY093]: Invalid parameter number
[29-Mar-2026 11:37:03 UTC] PHP Warning:  Undefined array key "mime" in C:\wamp64\www\widemaze\api\posts.php on line 233
[29-Mar-2026 11:37:03 UTC] PHP Stack trace:
[29-Mar-2026 11:37:03 UTC] PHP   1. {main}() C:\wamp64\www\widemaze\api\posts.php:0
[29-Mar-2026 11:37:03 UTC] PHP Warning:  Undefined array key "mime" in C:\wamp64\www\widemaze\api\posts.php on line 235
[29-Mar-2026 11:37:03 UTC] PHP Stack trace:
[29-Mar-2026 11:37:03 UTC] PHP   1. {main}() C:\wamp64\www\widemaze\api\posts.php:0
[29-Mar-2026 11:37:04 UTC] PHP Warning:  Undefined array key "mime" in C:\wamp64\www\widemaze\api\posts.php on line 233
[29-Mar-2026 11:37:04 UTC] PHP Stack trace:
[29-Mar-2026 11:37:04 UTC] PHP   1. {main}() C:\wamp64\www\widemaze\api\posts.php:0
[29-Mar-2026 11:37:04 UTC] PHP Warning:  Undefined array key "mime" in C:\wamp64\www\widemaze\api\posts.php on line 235
[29-Mar-2026 11:37:04 UTC] PHP Stack trace:
[29-Mar-2026 11:37:04 UTC] PHP   1. {main}() C:\wamp64\www\widemaze\api\posts.php:0
[29-Mar-2026 11:38:20 UTC] Error fetching conversations: SQLSTATE[HY093]: Invalid parameter number
[29-Mar-2026 11:38:48 UTC] Error fetching conversations: SQLSTATE[HY093]: Invalid parameter number
[29-Mar-2026 11:39:10 UTC] PHP Fatal error:  Uncaught PDOException: SQLSTATE[HY000]: General error: 1191 Impossible de trouver un index FULLTEXT correspondant à cette liste de colonnes in C:\wamp64\www\widemaze\api\search.php:86
Stack trace:
#0 C:\wamp64\www\widemaze\api\search.php(86): PDO->prepare('\r\n            S...')
#1 {main}
  thrown in C:\wamp64\www\widemaze\api\search.php on line 86
[29-Mar-2026 11:39:11 UTC] PHP Fatal error:  Uncaught PDOException: SQLSTATE[HY000]: General error: 1191 Impossible de trouver un index FULLTEXT correspondant à cette liste de colonnes in C:\wamp64\www\widemaze\api\search.php:86
Stack trace:
#0 C:\wamp64\www\widemaze\api\search.php(86): PDO->prepare('\r\n            S...')
#1 {main}
  thrown in C:\wamp64\www\widemaze\api\search.php on line 86
[29-Mar-2026 11:39:12 UTC] PHP Fatal error:  Uncaught PDOException: SQLSTATE[HY000]: General error: 1191 Impossible de trouver un index FULLTEXT correspondant à cette liste de colonnes in C:\wamp64\www\widemaze\api\search.php:86
Stack trace:
#0 C:\wamp64\www\widemaze\api\search.php(86): PDO->prepare('\r\n            S...')
#1 {main}
  thrown in C:\wamp64\www\widemaze\api\search.php on line 86
[29-Mar-2026 11:39:14 UTC] PHP Fatal error:  Uncaught PDOException: SQLSTATE[HY000]: General error: 1191 Impossible de trouver un index FULLTEXT correspondant à cette liste de colonnes in C:\wamp64\www\widemaze\api\search.php:86
Stack trace:
#0 C:\wamp64\www\widemaze\api\search.php(86): PDO->prepare('\r\n            S...')
#1 {main}
  thrown in C:\wamp64\www\widemaze\api\search.php on line 86
[29-Mar-2026 11:39:26 UTC] Error fetching conversations: SQLSTATE[HY093]: Invalid parameter number
[29-Mar-2026 11:41:03 UTC] Error fetching conversations: SQLSTATE[HY093]: Invalid parameter number
[29-Mar-2026 11:41:55 UTC] Error fetching conversations: SQLSTATE[HY093]: Invalid parameter number
[29-Mar-2026 11:43:15 UTC] Error fetching conversations: SQLSTATE[HY093]: Invalid parameter number
[29-Mar-2026 11:45:15 UTC] Error fetching conversations: SQLSTATE[HY093]: Invalid parameter number
[29-Mar-2026 11:45:24 UTC] Error fetching conversations: SQLSTATE[HY093]: Invalid parameter number
[29-Mar-2026 11:54:37 UTC] Error fetching conversations: SQLSTATE[HY093]: Invalid parameter number
[29-Mar-2026 11:56:22 UTC] Error fetching conversations: SQLSTATE[HY093]: Invalid parameter number
[30-Mar-2026 13:44:21 UTC] Error fetching conversations: SQLSTATE[HY093]: Invalid parameter number
[30-Mar-2026 13:44:35 UTC] PHP Fatal error:  Uncaught PDOException: SQLSTATE[HY093]: Invalid parameter number in C:\wamp64\www\widemaze\pages\recherche.php:109
Stack trace:
#0 C:\wamp64\www\widemaze\pages\recherche.php(109): PDOStatement->execute(Array)
#1 {main}
  thrown in C:\wamp64\www\widemaze\pages\recherche.php on line 109
[30-Mar-2026 13:44:45 UTC] PHP Fatal error:  Uncaught PDOException: SQLSTATE[HY093]: Invalid parameter number in C:\wamp64\www\widemaze\pages\recherche.php:109
Stack trace:
#0 C:\wamp64\www\widemaze\pages\recherche.php(109): PDOStatement->execute(Array)
#1 {main}
  thrown in C:\wamp64\www\widemaze\pages\recherche.php on line 109
[30-Mar-2026 13:44:50 UTC] PHP Fatal error:  Uncaught PDOException: SQLSTATE[HY093]: Invalid parameter number in C:\wamp64\www\widemaze\pages\recherche.php:109
Stack trace:
#0 C:\wamp64\www\widemaze\pages\recherche.php(109): PDOStatement->execute(Array)
#1 {main}
  thrown in C:\wamp64\www\widemaze\pages\recherche.php on line 109
[30-Mar-2026 13:44:53 UTC] PHP Fatal error:  Uncaught PDOException: SQLSTATE[HY093]: Invalid parameter number in C:\wamp64\www\widemaze\pages\recherche.php:109
Stack trace:
#0 C:\wamp64\www\widemaze\pages\recherche.php(109): PDOStatement->execute(Array)
#1 {main}
  thrown in C:\wamp64\www\widemaze\pages\recherche.php on line 109
[30-Mar-2026 13:44:57 UTC] PHP Fatal error:  Uncaught PDOException: SQLSTATE[HY093]: Invalid parameter number in C:\wamp64\www\widemaze\pages\recherche.php:109
Stack trace:
#0 C:\wamp64\www\widemaze\pages\recherche.php(109): PDOStatement->execute(Array)
#1 {main}
  thrown in C:\wamp64\www\widemaze\pages\recherche.php on line 109
[30-Mar-2026 13:45:01 UTC] PHP Fatal error:  Uncaught PDOException: SQLSTATE[HY093]: Invalid parameter number in C:\wamp64\www\widemaze\pages\recherche.php:109
Stack trace:
#0 C:\wamp64\www\widemaze\pages\recherche.php(109): PDOStatement->execute(Array)
#1 {main}
  thrown in C:\wamp64\www\widemaze\pages\recherche.php on line 109
[30-Mar-2026 13:46:27 UTC] Error fetching conversations: SQLSTATE[HY093]: Invalid parameter number
[31-Mar-2026 17:56:18 UTC] Error fetching conversations: SQLSTATE[HY093]: Invalid parameter number
[31-Mar-2026 17:56:51 UTC] PHP Fatal error:  Uncaught PDOException: SQLSTATE[HY000]: General error: 1191 Impossible de trouver un index FULLTEXT correspondant à cette liste de colonnes in C:\wamp64\www\widemaze\api\search.php:86
Stack trace:
#0 C:\wamp64\www\widemaze\api\search.php(86): PDO->prepare('\r\n            S...')
#1 {main}
  thrown in C:\wamp64\www\widemaze\api\search.php on line 86
[31-Mar-2026 17:56:51 UTC] PHP Fatal error:  Uncaught PDOException: SQLSTATE[HY000]: General error: 1191 Impossible de trouver un index FULLTEXT correspondant à cette liste de colonnes in C:\wamp64\www\widemaze\api\search.php:86
Stack trace:
#0 C:\wamp64\www\widemaze\api\search.php(86): PDO->prepare('\r\n            S...')
#1 {main}
  thrown in C:\wamp64\www\widemaze\api\search.php on line 86
[31-Mar-2026 17:56:53 UTC] PHP Fatal error:  Uncaught PDOException: SQLSTATE[HY000]: General error: 1191 Impossible de trouver un index FULLTEXT correspondant à cette liste de colonnes in C:\wamp64\www\widemaze\api\search.php:86
Stack trace:
#0 C:\wamp64\www\widemaze\api\search.php(86): PDO->prepare('\r\n            S...')
#1 {main}
  thrown in C:\wamp64\www\widemaze\api\search.php on line 86
[31-Mar-2026 17:57:37 UTC] Error fetching conversations: SQLSTATE[HY093]: Invalid parameter number
[31-Mar-2026 18:03:18 UTC] PHP Warning:  Undefined array key "mime" in C:\wamp64\www\widemaze\api\stories.php on line 107
[31-Mar-2026 18:03:18 UTC] PHP Stack trace:
[31-Mar-2026 18:03:18 UTC] PHP   1. {main}() C:\wamp64\www\widemaze\api\stories.php:0
[31-Mar-2026 18:03:34 UTC] PHP Warning:  Undefined array key "success" in C:\wamp64\www\widemaze\pages\admin.php on line 287
[31-Mar-2026 18:03:34 UTC] PHP Stack trace:
[31-Mar-2026 18:03:34 UTC] PHP   1. {main}() C:\wamp64\www\widemaze\pages\admin.php:0
[31-Mar-2026 18:05:24 UTC] Error fetching conversations: SQLSTATE[HY093]: Invalid parameter number
[31-Mar-2026 18:05:43 UTC] Error fetching conversations: SQLSTATE[HY093]: Invalid parameter number
[31-Mar-2026 18:05:51 UTC] Error fetching conversations: SQLSTATE[HY093]: Invalid parameter number
[31-Mar-2026 18:22:06 UTC] PHP Warning:  Undefined array key "success" in C:\wamp64\www\widemaze\pages\admin.php on line 287
[31-Mar-2026 18:22:06 UTC] PHP Stack trace:
[31-Mar-2026 18:22:06 UTC] PHP   1. {main}() C:\wamp64\www\widemaze\pages\admin.php:0
[31-Mar-2026 18:24:20 UTC] PHP Warning:  Undefined array key "success" in C:\wamp64\www\widemaze\pages\admin.php on line 289
[31-Mar-2026 18:24:20 UTC] PHP Stack trace:
[31-Mar-2026 18:24:20 UTC] PHP   1. {main}() C:\wamp64\www\widemaze\pages\admin.php:0
[31-Mar-2026 18:55:12 UTC] PHP Warning:  Undefined variable $trendingCommunities in C:\wamp64\www\widemaze\wcc.php on line 846
[31-Mar-2026 18:55:12 UTC] PHP Stack trace:
[31-Mar-2026 18:55:12 UTC] PHP   1. {main}() C:\wamp64\www\widemaze\wcc.php:0
[31-Mar-2026 18:55:12 UTC] PHP Warning:  foreach() argument must be of type array|object, null given in C:\wamp64\www\widemaze\wcc.php on line 846
[31-Mar-2026 18:55:12 UTC] PHP Stack trace:
[31-Mar-2026 18:55:12 UTC] PHP   1. {main}() C:\wamp64\www\widemaze\wcc.php:0
[31-Mar-2026 18:55:33 UTC] PHP Warning:  Undefined variable $trendingCommunities in C:\wamp64\www\widemaze\wcc.php on line 846
[31-Mar-2026 18:55:33 UTC] PHP Stack trace:
[31-Mar-2026 18:55:33 UTC] PHP   1. {main}() C:\wamp64\www\widemaze\wcc.php:0
[31-Mar-2026 18:55:33 UTC] PHP Warning:  foreach() argument must be of type array|object, null given in C:\wamp64\www\widemaze\wcc.php on line 846
[31-Mar-2026 18:55:33 UTC] PHP Stack trace:
[31-Mar-2026 18:55:33 UTC] PHP   1. {main}() C:\wamp64\www\widemaze\wcc.php:0
[31-Mar-2026 19:00:54 UTC] PHP Warning:  Undefined variable $trendingCommunities in C:\wamp64\www\widemaze\wcc.php on line 846
[31-Mar-2026 19:00:54 UTC] PHP Stack trace:
[31-Mar-2026 19:00:54 UTC] PHP   1. {main}() C:\wamp64\www\widemaze\wcc.php:0
[31-Mar-2026 19:00:54 UTC] PHP Warning:  foreach() argument must be of type array|object, null given in C:\wamp64\www\widemaze\wcc.php on line 846
[31-Mar-2026 19:00:54 UTC] PHP Stack trace:
[31-Mar-2026 19:00:54 UTC] PHP   1. {main}() C:\wamp64\www\widemaze\wcc.php:0
[31-Mar-2026 19:01:18 UTC] PHP Warning:  Undefined variable $activeTab in C:\wamp64\www\widemaze\wcc.php on line 734
[31-Mar-2026 19:01:18 UTC] PHP Stack trace:
[31-Mar-2026 19:01:18 UTC] PHP   1. {main}() C:\wamp64\www\widemaze\wcc.php:0
[31-Mar-2026 19:01:18 UTC] PHP Warning:  Undefined variable $activeTab in C:\wamp64\www\widemaze\wcc.php on line 737
[31-Mar-2026 19:01:18 UTC] PHP Stack trace:
[31-Mar-2026 19:01:18 UTC] PHP   1. {main}() C:\wamp64\www\widemaze\wcc.php:0
[31-Mar-2026 19:01:18 UTC] PHP Warning:  Undefined variable $activeTab in C:\wamp64\www\widemaze\wcc.php on line 740
[31-Mar-2026 19:01:18 UTC] PHP Stack trace:
[31-Mar-2026 19:01:18 UTC] PHP   1. {main}() C:\wamp64\www\widemaze\wcc.php:0
[31-Mar-2026 19:01:18 UTC] PHP Warning:  Undefined variable $activeTab in C:\wamp64\www\widemaze\wcc.php on line 743
[31-Mar-2026 19:01:18 UTC] PHP Stack trace:
[31-Mar-2026 19:01:18 UTC] PHP   1. {main}() C:\wamp64\www\widemaze\wcc.php:0
[31-Mar-2026 19:01:18 UTC] PHP Warning:  Undefined variable $activeTab in C:\wamp64\www\widemaze\wcc.php on line 746
[31-Mar-2026 19:01:18 UTC] PHP Stack trace:
[31-Mar-2026 19:01:18 UTC] PHP   1. {main}() C:\wamp64\www\widemaze\wcc.php:0
[31-Mar-2026 19:01:18 UTC] PHP Warning:  Undefined variable $activeTab in C:\wamp64\www\widemaze\wcc.php on line 749
[31-Mar-2026 19:01:18 UTC] PHP Stack trace:
[31-Mar-2026 19:01:18 UTC] PHP   1. {main}() C:\wamp64\www\widemaze\wcc.php:0
[31-Mar-2026 19:01:18 UTC] PHP Warning:  Undefined variable $activeTab in C:\wamp64\www\widemaze\wcc.php on line 752
[31-Mar-2026 19:01:18 UTC] PHP Stack trace:
[31-Mar-2026 19:01:18 UTC] PHP   1. {main}() C:\wamp64\www\widemaze\wcc.php:0
[31-Mar-2026 19:01:18 UTC] PHP Warning:  Undefined variable $activeTab in C:\wamp64\www\widemaze\wcc.php on line 755
[31-Mar-2026 19:01:18 UTC] PHP Stack trace:
[31-Mar-2026 19:01:18 UTC] PHP   1. {main}() C:\wamp64\www\widemaze\wcc.php:0
[31-Mar-2026 19:01:18 UTC] PHP Warning:  Undefined variable $activeTab in C:\wamp64\www\widemaze\wcc.php on line 758
[31-Mar-2026 19:01:18 UTC] PHP Stack trace:
[31-Mar-2026 19:01:18 UTC] PHP   1. {main}() C:\wamp64\www\widemaze\wcc.php:0
[31-Mar-2026 19:01:18 UTC] PHP Warning:  Undefined variable $activeTab in C:\wamp64\www\widemaze\wcc.php on line 761
[31-Mar-2026 19:01:18 UTC] PHP Stack trace:
[31-Mar-2026 19:01:18 UTC] PHP   1. {main}() C:\wamp64\www\widemaze\wcc.php:0
[31-Mar-2026 19:01:18 UTC] PHP Warning:  Undefined variable $trendingCommunities in C:\wamp64\www\widemaze\wcc.php on line 844
[31-Mar-2026 19:01:18 UTC] PHP Stack trace:
[31-Mar-2026 19:01:18 UTC] PHP   1. {main}() C:\wamp64\www\widemaze\wcc.php:0
[31-Mar-2026 19:01:18 UTC] PHP Warning:  foreach() argument must be of type array|object, null given in C:\wamp64\www\widemaze\wcc.php on line 844
[31-Mar-2026 19:01:18 UTC] PHP Stack trace:
[31-Mar-2026 19:01:18 UTC] PHP   1. {main}() C:\wamp64\www\widemaze\wcc.php:0
[31-Mar-2026 19:02:08 UTC] PHP Warning:  Undefined variable $activeTab in C:\wamp64\www\widemaze\wcc.php on line 734
[31-Mar-2026 19:02:08 UTC] PHP Stack trace:
[31-Mar-2026 19:02:08 UTC] PHP   1. {main}() C:\wamp64\www\widemaze\wcc.php:0
[31-Mar-2026 19:02:08 UTC] PHP Warning:  Undefined variable $activeTab in C:\wamp64\www\widemaze\wcc.php on line 737
[31-Mar-2026 19:02:08 UTC] PHP Stack trace:
[31-Mar-2026 19:02:08 UTC] PHP   1. {main}() C:\wamp64\www\widemaze\wcc.php:0
[31-Mar-2026 19:02:08 UTC] PHP Warning:  Undefined variable $activeTab in C:\wamp64\www\widemaze\wcc.php on line 740
[31-Mar-2026 19:02:08 UTC] PHP Stack trace:
[31-Mar-2026 19:02:08 UTC] PHP   1. {main}() C:\wamp64\www\widemaze\wcc.php:0
[31-Mar-2026 19:02:08 UTC] PHP Warning:  Undefined variable $activeTab in C:\wamp64\www\widemaze\wcc.php on line 743
[31-Mar-2026 19:02:08 UTC] PHP Stack trace:
[31-Mar-2026 19:02:08 UTC] PHP   1. {main}() C:\wamp64\www\widemaze\wcc.php:0
[31-Mar-2026 19:02:08 UTC] PHP Warning:  Undefined variable $activeTab in C:\wamp64\www\widemaze\wcc.php on line 746
[31-Mar-2026 19:02:08 UTC] PHP Stack trace:
[31-Mar-2026 19:02:08 UTC] PHP   1. {main}() C:\wamp64\www\widemaze\wcc.php:0
[31-Mar-2026 19:02:08 UTC] PHP Warning:  Undefined variable $activeTab in C:\wamp64\www\widemaze\wcc.php on line 749
[31-Mar-2026 19:02:08 UTC] PHP Stack trace:
[31-Mar-2026 19:02:08 UTC] PHP   1. {main}() C:\wamp64\www\widemaze\wcc.php:0
[31-Mar-2026 19:02:08 UTC] PHP Warning:  Undefined variable $activeTab in C:\wamp64\www\widemaze\wcc.php on line 752
[31-Mar-2026 19:02:08 UTC] PHP Stack trace:
[31-Mar-2026 19:02:08 UTC] PHP   1. {main}() C:\wamp64\www\widemaze\wcc.php:0
[31-Mar-2026 19:02:08 UTC] PHP Warning:  Undefined variable $activeTab in C:\wamp64\www\widemaze\wcc.php on line 755
[31-Mar-2026 19:02:08 UTC] PHP Stack trace:
[31-Mar-2026 19:02:08 UTC] PHP   1. {main}() C:\wamp64\www\widemaze\wcc.php:0
[31-Mar-2026 19:02:08 UTC] PHP Warning:  Undefined variable $activeTab in C:\wamp64\www\widemaze\wcc.php on line 758
[31-Mar-2026 19:02:08 UTC] PHP Stack trace:
[31-Mar-2026 19:02:08 UTC] PHP   1. {main}() C:\wamp64\www\widemaze\wcc.php:0
[31-Mar-2026 19:02:08 UTC] PHP Warning:  Undefined variable $activeTab in C:\wamp64\www\widemaze\wcc.php on line 761
[31-Mar-2026 19:02:08 UTC] PHP Stack trace:
[31-Mar-2026 19:02:08 UTC] PHP   1. {main}() C:\wamp64\www\widemaze\wcc.php:0
[31-Mar-2026 19:02:08 UTC] PHP Warning:  Undefined variable $trendingCommunities in C:\wamp64\www\widemaze\wcc.php on line 844
[31-Mar-2026 19:02:08 UTC] PHP Stack trace:
[31-Mar-2026 19:02:08 UTC] PHP   1. {main}() C:\wamp64\www\widemaze\wcc.php:0
[31-Mar-2026 19:02:08 UTC] PHP Warning:  foreach() argument must be of type array|object, null given in C:\wamp64\www\widemaze\wcc.php on line 844
[31-Mar-2026 19:02:08 UTC] PHP Stack trace:
[31-Mar-2026 19:02:08 UTC] PHP   1. {main}() C:\wamp64\www\widemaze\wcc.php:0
[31-Mar-2026 19:02:28 UTC] PHP Warning:  Undefined variable $activeTab in C:\wamp64\www\widemaze\wcc.php on line 734
[31-Mar-2026 19:02:28 UTC] PHP Stack trace:
[31-Mar-2026 19:02:28 UTC] PHP   1. {main}() C:\wamp64\www\widemaze\wcc.php:0
[31-Mar-2026 19:02:28 UTC] PHP Warning:  Undefined variable $activeTab in C:\wamp64\www\widemaze\wcc.php on line 737
[31-Mar-2026 19:02:28 UTC] PHP Stack trace:
[31-Mar-2026 19:02:28 UTC] PHP   1. {main}() C:\wamp64\www\widemaze\wcc.php:0
[31-Mar-2026 19:02:28 UTC] PHP Warning:  Undefined variable $activeTab in C:\wamp64\www\widemaze\wcc.php on line 740
[31-Mar-2026 19:02:28 UTC] PHP Stack trace:
[31-Mar-2026 19:02:28 UTC] PHP   1. {main}() C:\wamp64\www\widemaze\wcc.php:0
[31-Mar-2026 19:02:28 UTC] PHP Warning:  Undefined variable $activeTab in C:\wamp64\www\widemaze\wcc.php on line 743
[31-Mar-2026 19:02:28 UTC] PHP Stack trace:
[31-Mar-2026 19:02:28 UTC] PHP   1. {main}() C:\wamp64\www\widemaze\wcc.php:0
[31-Mar-2026 19:02:28 UTC] PHP Warning:  Undefined variable $activeTab in C:\wamp64\www\widemaze\wcc.php on line 746
[31-Mar-2026 19:02:28 UTC] PHP Stack trace:
[31-Mar-2026 19:02:28 UTC] PHP   1. {main}() C:\wamp64\www\widemaze\wcc.php:0
[31-Mar-2026 19:02:28 UTC] PHP Warning:  Undefined variable $activeTab in C:\wamp64\www\widemaze\wcc.php on line 749
[31-Mar-2026 19:02:28 UTC] PHP Stack trace:
[31-Mar-2026 19:02:28 UTC] PHP   1. {main}() C:\wamp64\www\widemaze\wcc.php:0
[31-Mar-2026 19:02:28 UTC] PHP Warning:  Undefined variable $activeTab in C:\wamp64\www\widemaze\wcc.php on line 752
[31-Mar-2026 19:02:28 UTC] PHP Stack trace:
[31-Mar-2026 19:02:28 UTC] PHP   1. {main}() C:\wamp64\www\widemaze\wcc.php:0
[31-Mar-2026 19:02:28 UTC] PHP Warning:  Undefined variable $activeTab in C:\wamp64\www\widemaze\wcc.php on line 755
[31-Mar-2026 19:02:28 UTC] PHP Stack trace:
[31-Mar-2026 19:02:28 UTC] PHP   1. {main}() C:\wamp64\www\widemaze\wcc.php:0
[31-Mar-2026 19:02:28 UTC] PHP Warning:  Undefined variable $activeTab in C:\wamp64\www\widemaze\wcc.php on line 758
[31-Mar-2026 19:02:28 UTC] PHP Stack trace:
[31-Mar-2026 19:02:28 UTC] PHP   1. {main}() C:\wamp64\www\widemaze\wcc.php:0
[31-Mar-2026 19:02:28 UTC] PHP Warning:  Undefined variable $activeTab in C:\wamp64\www\widemaze\wcc.php on line 761
[31-Mar-2026 19:02:28 UTC] PHP Stack trace:
[31-Mar-2026 19:02:28 UTC] PHP   1. {main}() C:\wamp64\www\widemaze\wcc.php:0
[31-Mar-2026 19:02:28 UTC] PHP Warning:  Undefined variable $trendingCommunities in C:\wamp64\www\widemaze\wcc.php on line 844
[31-Mar-2026 19:02:28 UTC] PHP Stack trace:
[31-Mar-2026 19:02:28 UTC] PHP   1. {main}() C:\wamp64\www\widemaze\wcc.php:0
[31-Mar-2026 19:02:28 UTC] PHP Warning:  foreach() argument must be of type array|object, null given in C:\wamp64\www\widemaze\wcc.php on line 844
[31-Mar-2026 19:02:28 UTC] PHP Stack trace:
[31-Mar-2026 19:02:28 UTC] PHP   1. {main}() C:\wamp64\www\widemaze\wcc.php:0
[31-Mar-2026 19:02:51 UTC] PHP Warning:  Undefined variable $activeTab in C:\wamp64\www\widemaze\wcc.php on line 734
[31-Mar-2026 19:02:51 UTC] PHP Stack trace:
[31-Mar-2026 19:02:51 UTC] PHP   1. {main}() C:\wamp64\www\widemaze\wcc.php:0
[31-Mar-2026 19:02:51 UTC] PHP Warning:  Undefined variable $activeTab in C:\wamp64\www\widemaze\wcc.php on line 737
[31-Mar-2026 19:02:51 UTC] PHP Stack trace:
[31-Mar-2026 19:02:51 UTC] PHP   1. {main}() C:\wamp64\www\widemaze\wcc.php:0
[31-Mar-2026 19:02:51 UTC] PHP Warning:  Undefined variable $activeTab in C:\wamp64\www\widemaze\wcc.php on line 740
[31-Mar-2026 19:02:51 UTC] PHP Stack trace:
[31-Mar-2026 19:02:51 UTC] PHP   1. {main}() C:\wamp64\www\widemaze\wcc.php:0
[31-Mar-2026 19:02:51 UTC] PHP Warning:  Undefined variable $activeTab in C:\wamp64\www\widemaze\wcc.php on line 743
[31-Mar-2026 19:02:51 UTC] PHP Stack trace:
[31-Mar-2026 19:02:51 UTC] PHP   1. {main}() C:\wamp64\www\widemaze\wcc.php:0
[31-Mar-2026 19:02:51 UTC] PHP Warning:  Undefined variable $activeTab in C:\wamp64\www\widemaze\wcc.php on line 746
[31-Mar-2026 19:02:51 UTC] PHP Stack trace:
[31-Mar-2026 19:02:51 UTC] PHP   1. {main}() C:\wamp64\www\widemaze\wcc.php:0
[31-Mar-2026 19:02:51 UTC] PHP Warning:  Undefined variable $activeTab in C:\wamp64\www\widemaze\wcc.php on line 749
[31-Mar-2026 19:02:51 UTC] PHP Stack trace:
[31-Mar-2026 19:02:51 UTC] PHP   1. {main}() C:\wamp64\www\widemaze\wcc.php:0
[31-Mar-2026 19:02:51 UTC] PHP Warning:  Undefined variable $activeTab in C:\wamp64\www\widemaze\wcc.php on line 752
[31-Mar-2026 19:02:51 UTC] PHP Stack trace:
[31-Mar-2026 19:02:51 UTC] PHP   1. {main}() C:\wamp64\www\widemaze\wcc.php:0
[31-Mar-2026 19:02:51 UTC] PHP Warning:  Undefined variable $activeTab in C:\wamp64\www\widemaze\wcc.php on line 755
[31-Mar-2026 19:02:51 UTC] PHP Stack trace:
[31-Mar-2026 19:02:51 UTC] PHP   1. {main}() C:\wamp64\www\widemaze\wcc.php:0
[31-Mar-2026 19:02:51 UTC] PHP Warning:  Undefined variable $activeTab in C:\wamp64\www\widemaze\wcc.php on line 758
[31-Mar-2026 19:02:51 UTC] PHP Stack trace:
[31-Mar-2026 19:02:51 UTC] PHP   1. {main}() C:\wamp64\www\widemaze\wcc.php:0
[31-Mar-2026 19:02:51 UTC] PHP Warning:  Undefined variable $activeTab in C:\wamp64\www\widemaze\wcc.php on line 761
[31-Mar-2026 19:02:51 UTC] PHP Stack trace:
[31-Mar-2026 19:02:51 UTC] PHP   1. {main}() C:\wamp64\www\widemaze\wcc.php:0
[31-Mar-2026 19:02:51 UTC] PHP Warning:  Undefined variable $trendingCommunities in C:\wamp64\www\widemaze\wcc.php on line 844
[31-Mar-2026 19:02:51 UTC] PHP Stack trace:
[31-Mar-2026 19:02:51 UTC] PHP   1. {main}() C:\wamp64\www\widemaze\wcc.php:0
[31-Mar-2026 19:02:51 UTC] PHP Warning:  foreach() argument must be of type array|object, null given in C:\wamp64\www\widemaze\wcc.php on line 844
[31-Mar-2026 19:02:51 UTC] PHP Stack trace:
[31-Mar-2026 19:02:51 UTC] PHP   1. {main}() C:\wamp64\www\widemaze\wcc.php:0
[31-Mar-2026 19:04:08 UTC] PHP Warning:  Undefined variable $activeTab in C:\wamp64\www\widemaze\wcc.php on line 734
[31-Mar-2026 19:04:08 UTC] PHP Stack trace:
[31-Mar-2026 19:04:08 UTC] PHP   1. {main}() C:\wamp64\www\widemaze\wcc.php:0
[31-Mar-2026 19:04:08 UTC] PHP Warning:  Undefined variable $activeTab in C:\wamp64\www\widemaze\wcc.php on line 737
[31-Mar-2026 19:04:08 UTC] PHP Stack trace:
[31-Mar-2026 19:04:08 UTC] PHP   1. {main}() C:\wamp64\www\widemaze\wcc.php:0
[31-Mar-2026 19:04:08 UTC] PHP Warning:  Undefined variable $activeTab in C:\wamp64\www\widemaze\wcc.php on line 740
[31-Mar-2026 19:04:08 UTC] PHP Stack trace:
[31-Mar-2026 19:04:08 UTC] PHP   1. {main}() C:\wamp64\www\widemaze\wcc.php:0
[31-Mar-2026 19:04:08 UTC] PHP Warning:  Undefined variable $activeTab in C:\wamp64\www\widemaze\wcc.php on line 743
[31-Mar-2026 19:04:08 UTC] PHP Stack trace:
[31-Mar-2026 19:04:08 UTC] PHP   1. {main}() C:\wamp64\www\widemaze\wcc.php:0
[31-Mar-2026 19:04:08 UTC] PHP Warning:  Undefined variable $activeTab in C:\wamp64\www\widemaze\wcc.php on line 746
[31-Mar-2026 19:04:08 UTC] PHP Stack trace:
[31-Mar-2026 19:04:08 UTC] PHP   1. {main}() C:\wamp64\www\widemaze\wcc.php:0
[31-Mar-2026 19:04:08 UTC] PHP Warning:  Undefined variable $activeTab in C:\wamp64\www\widemaze\wcc.php on line 749
[31-Mar-2026 19:04:08 UTC] PHP Stack trace:
[31-Mar-2026 19:04:08 UTC] PHP   1. {main}() C:\wamp64\www\widemaze\wcc.php:0
[31-Mar-2026 19:04:08 UTC] PHP Warning:  Undefined variable $activeTab in C:\wamp64\www\widemaze\wcc.php on line 752
[31-Mar-2026 19:04:08 UTC] PHP Stack trace:
[31-Mar-2026 19:04:08 UTC] PHP   1. {main}() C:\wamp64\www\widemaze\wcc.php:0
[31-Mar-2026 19:04:08 UTC] PHP Warning:  Undefined variable $activeTab in C:\wamp64\www\widemaze\wcc.php on line 755
[31-Mar-2026 19:04:08 UTC] PHP Stack trace:
[31-Mar-2026 19:04:08 UTC] PHP   1. {main}() C:\wamp64\www\widemaze\wcc.php:0
[31-Mar-2026 19:04:08 UTC] PHP Warning:  Undefined variable $activeTab in C:\wamp64\www\widemaze\wcc.php on line 758
[31-Mar-2026 19:04:08 UTC] PHP Stack trace:
[31-Mar-2026 19:04:08 UTC] PHP   1. {main}() C:\wamp64\www\widemaze\wcc.php:0
[31-Mar-2026 19:04:08 UTC] PHP Warning:  Undefined variable $activeTab in C:\wamp64\www\widemaze\wcc.php on line 761
[31-Mar-2026 19:04:08 UTC] PHP Stack trace:
[31-Mar-2026 19:04:08 UTC] PHP   1. {main}() C:\wamp64\www\widemaze\wcc.php:0
[31-Mar-2026 19:04:08 UTC] PHP Warning:  Undefined variable $trendingCommunities in C:\wamp64\www\widemaze\wcc.php on line 844
[31-Mar-2026 19:04:08 UTC] PHP Stack trace:
[31-Mar-2026 19:04:08 UTC] PHP   1. {main}() C:\wamp64\www\widemaze\wcc.php:0
[31-Mar-2026 19:04:08 UTC] PHP Warning:  foreach() argument must be of type array|object, null given in C:\wamp64\www\widemaze\wcc.php on line 844
[31-Mar-2026 19:04:08 UTC] PHP Stack trace:
[31-Mar-2026 19:04:08 UTC] PHP   1. {main}() C:\wamp64\www\widemaze\wcc.php:0
[31-Mar-2026 19:05:24 UTC] PHP Warning:  Undefined variable $activeTab in C:\wamp64\www\widemaze\wcc.php on line 734
[31-Mar-2026 19:05:24 UTC] PHP Stack trace:
[31-Mar-2026 19:05:24 UTC] PHP   1. {main}() C:\wamp64\www\widemaze\wcc.php:0
[31-Mar-2026 19:05:24 UTC] PHP Warning:  Undefined variable $activeTab in C:\wamp64\www\widemaze\wcc.php on line 737
[31-Mar-2026 19:05:24 UTC] PHP Stack trace:
[31-Mar-2026 19:05:24 UTC] PHP   1. {main}() C:\wamp64\www\widemaze\wcc.php:0
[31-Mar-2026 19:05:24 UTC] PHP Warning:  Undefined variable $activeTab in C:\wamp64\www\widemaze\wcc.php on line 740
[31-Mar-2026 19:05:24 UTC] PHP Stack trace:
[31-Mar-2026 19:05:24 UTC] PHP   1. {main}() C:\wamp64\www\widemaze\wcc.php:0
[31-Mar-2026 19:05:24 UTC] PHP Warning:  Undefined variable $activeTab in C:\wamp64\www\widemaze\wcc.php on line 743
[31-Mar-2026 19:05:24 UTC] PHP Stack trace:
[31-Mar-2026 19:05:24 UTC] PHP   1. {main}() C:\wamp64\www\widemaze\wcc.php:0
[31-Mar-2026 19:05:24 UTC] PHP Warning:  Undefined variable $activeTab in C:\wamp64\www\widemaze\wcc.php on line 746
[31-Mar-2026 19:05:24 UTC] PHP Stack trace:
[31-Mar-2026 19:05:24 UTC] PHP   1. {main}() C:\wamp64\www\widemaze\wcc.php:0
[31-Mar-2026 19:05:24 UTC] PHP Warning:  Undefined variable $activeTab in C:\wamp64\www\widemaze\wcc.php on line 749
[31-Mar-2026 19:05:24 UTC] PHP Stack trace:
[31-Mar-2026 19:05:24 UTC] PHP   1. {main}() C:\wamp64\www\widemaze\wcc.php:0
[31-Mar-2026 19:05:24 UTC] PHP Warning:  Undefined variable $activeTab in C:\wamp64\www\widemaze\wcc.php on line 752
[31-Mar-2026 19:05:24 UTC] PHP Stack trace:
[31-Mar-2026 19:05:24 UTC] PHP   1. {main}() C:\wamp64\www\widemaze\wcc.php:0
[31-Mar-2026 19:05:24 UTC] PHP Warning:  Undefined variable $activeTab in C:\wamp64\www\widemaze\wcc.php on line 755
[31-Mar-2026 19:05:24 UTC] PHP Stack trace:
[31-Mar-2026 19:05:24 UTC] PHP   1. {main}() C:\wamp64\www\widemaze\wcc.php:0
[31-Mar-2026 19:05:24 UTC] PHP Warning:  Undefined variable $activeTab in C:\wamp64\www\widemaze\wcc.php on line 758
[31-Mar-2026 19:05:24 UTC] PHP Stack trace:
[31-Mar-2026 19:05:24 UTC] PHP   1. {main}() C:\wamp64\www\widemaze\wcc.php:0
[31-Mar-2026 19:05:24 UTC] PHP Warning:  Undefined variable $activeTab in C:\wamp64\www\widemaze\wcc.php on line 761
[31-Mar-2026 19:05:24 UTC] PHP Stack trace:
[31-Mar-2026 19:05:24 UTC] PHP   1. {main}() C:\wamp64\www\widemaze\wcc.php:0
[31-Mar-2026 19:05:24 UTC] PHP Warning:  Undefined variable $trendingCommunities in C:\wamp64\www\widemaze\wcc.php on line 844
[31-Mar-2026 19:05:24 UTC] PHP Stack trace:
[31-Mar-2026 19:05:24 UTC] PHP   1. {main}() C:\wamp64\www\widemaze\wcc.php:0
[31-Mar-2026 19:05:24 UTC] PHP Warning:  foreach() argument must be of type array|object, null given in C:\wamp64\www\widemaze\wcc.php on line 844
[31-Mar-2026 19:05:24 UTC] PHP Stack trace:
[31-Mar-2026 19:05:24 UTC] PHP   1. {main}() C:\wamp64\www\widemaze\wcc.php:0
[31-Mar-2026 19:06:04 UTC] PHP Warning:  Undefined variable $activeTab in C:\wamp64\www\widemaze\wcc.php on line 734
[31-Mar-2026 19:06:04 UTC] PHP Stack trace:
[31-Mar-2026 19:06:04 UTC] PHP   1. {main}() C:\wamp64\www\widemaze\wcc.php:0
[31-Mar-2026 19:06:04 UTC] PHP Warning:  Undefined variable $activeTab in C:\wamp64\www\widemaze\wcc.php on line 737
[31-Mar-2026 19:06:04 UTC] PHP Stack trace:
[31-Mar-2026 19:06:04 UTC] PHP   1. {main}() C:\wamp64\www\widemaze\wcc.php:0
[31-Mar-2026 19:06:04 UTC] PHP Warning:  Undefined variable $activeTab in C:\wamp64\www\widemaze\wcc.php on line 740
[31-Mar-2026 19:06:04 UTC] PHP Stack trace:
[31-Mar-2026 19:06:04 UTC] PHP   1. {main}() C:\wamp64\www\widemaze\wcc.php:0
[31-Mar-2026 19:06:04 UTC] PHP Warning:  Undefined variable $activeTab in C:\wamp64\www\widemaze\wcc.php on line 743
[31-Mar-2026 19:06:04 UTC] PHP Stack trace:
[31-Mar-2026 19:06:04 UTC] PHP   1. {main}() C:\wamp64\www\widemaze\wcc.php:0
[31-Mar-2026 19:06:04 UTC] PHP Warning:  Undefined variable $activeTab in C:\wamp64\www\widemaze\wcc.php on line 746
[31-Mar-2026 19:06:04 UTC] PHP Stack trace:
[31-Mar-2026 19:06:04 UTC] PHP   1. {main}() C:\wamp64\www\widemaze\wcc.php:0
[31-Mar-2026 19:06:04 UTC] PHP Warning:  Undefined variable $activeTab in C:\wamp64\www\widemaze\wcc.php on line 749
[31-Mar-2026 19:06:04 UTC] PHP Stack trace:
[31-Mar-2026 19:06:04 UTC] PHP   1. {main}() C:\wamp64\www\widemaze\wcc.php:0
[31-Mar-2026 19:06:04 UTC] PHP Warning:  Undefined variable $activeTab in C:\wamp64\www\widemaze\wcc.php on line 752
[31-Mar-2026 19:06:04 UTC] PHP Stack trace:
[31-Mar-2026 19:06:04 UTC] PHP   1. {main}() C:\wamp64\www\widemaze\wcc.php:0
[31-Mar-2026 19:06:04 UTC] PHP Warning:  Undefined variable $activeTab in C:\wamp64\www\widemaze\wcc.php on line 755
[31-Mar-2026 19:06:04 UTC] PHP Stack trace:
[31-Mar-2026 19:06:04 UTC] PHP   1. {main}() C:\wamp64\www\widemaze\wcc.php:0
[31-Mar-2026 19:06:04 UTC] PHP Warning:  Undefined variable $activeTab in C:\wamp64\www\widemaze\wcc.php on line 758
[31-Mar-2026 19:06:04 UTC] PHP Stack trace:
[31-Mar-2026 19:06:04 UTC] PHP   1. {main}() C:\wamp64\www\widemaze\wcc.php:0
[31-Mar-2026 19:06:04 UTC] PHP Warning:  Undefined variable $activeTab in C:\wamp64\www\widemaze\wcc.php on line 761
[31-Mar-2026 19:06:04 UTC] PHP Stack trace:
[31-Mar-2026 19:06:04 UTC] PHP   1. {main}() C:\wamp64\www\widemaze\wcc.php:0
[31-Mar-2026 19:06:04 UTC] PHP Warning:  Undefined variable $trendingCommunities in C:\wamp64\www\widemaze\wcc.php on line 844
[31-Mar-2026 19:06:04 UTC] PHP Stack trace:
[31-Mar-2026 19:06:04 UTC] PHP   1. {main}() C:\wamp64\www\widemaze\wcc.php:0
[31-Mar-2026 19:06:04 UTC] PHP Warning:  foreach() argument must be of type array|object, null given in C:\wamp64\www\widemaze\wcc.php on line 844
[31-Mar-2026 19:06:04 UTC] PHP Stack trace:
[31-Mar-2026 19:06:04 UTC] PHP   1. {main}() C:\wamp64\www\widemaze\wcc.php:0
[31-Mar-2026 19:06:18 UTC] PHP Warning:  Undefined variable $activeTab in C:\wamp64\www\widemaze\wcc.php on line 734
[31-Mar-2026 19:06:18 UTC] PHP Stack trace:
[31-Mar-2026 19:06:18 UTC] PHP   1. {main}() C:\wamp64\www\widemaze\wcc.php:0
[31-Mar-2026 19:06:18 UTC] PHP Warning:  Undefined variable $activeTab in C:\wamp64\www\widemaze\wcc.php on line 737
[31-Mar-2026 19:06:18 UTC] PHP Stack trace:
[31-Mar-2026 19:06:18 UTC] PHP   1. {main}() C:\wamp64\www\widemaze\wcc.php:0
[31-Mar-2026 19:06:18 UTC] PHP Warning:  Undefined variable $activeTab in C:\wamp64\www\widemaze\wcc.php on line 740
[31-Mar-2026 19:06:18 UTC] PHP Stack trace:
[31-Mar-2026 19:06:18 UTC] PHP   1. {main}() C:\wamp64\www\widemaze\wcc.php:0
[31-Mar-2026 19:06:18 UTC] PHP Warning:  Undefined variable $activeTab in C:\wamp64\www\widemaze\wcc.php on line 743
[31-Mar-2026 19:06:18 UTC] PHP Stack trace:
[31-Mar-2026 19:06:18 UTC] PHP   1. {main}() C:\wamp64\www\widemaze\wcc.php:0
[31-Mar-2026 19:06:18 UTC] PHP Warning:  Undefined variable $activeTab in C:\wamp64\www\widemaze\wcc.php on line 746
[31-Mar-2026 19:06:18 UTC] PHP Stack trace:
[31-Mar-2026 19:06:18 UTC] PHP   1. {main}() C:\wamp64\www\widemaze\wcc.php:0
[31-Mar-2026 19:06:18 UTC] PHP Warning:  Undefined variable $activeTab in C:\wamp64\www\widemaze\wcc.php on line 749
[31-Mar-2026 19:06:18 UTC] PHP Stack trace:
[31-Mar-2026 19:06:18 UTC] PHP   1. {main}() C:\wamp64\www\widemaze\wcc.php:0
[31-Mar-2026 19:06:18 UTC] PHP Warning:  Undefined variable $activeTab in C:\wamp64\www\widemaze\wcc.php on line 752
[31-Mar-2026 19:06:18 UTC] PHP Stack trace:
[31-Mar-2026 19:06:18 UTC] PHP   1. {main}() C:\wamp64\www\widemaze\wcc.php:0
[31-Mar-2026 19:06:18 UTC] PHP Warning:  Undefined variable $activeTab in C:\wamp64\www\widemaze\wcc.php on line 755
[31-Mar-2026 19:06:18 UTC] PHP Stack trace:
[31-Mar-2026 19:06:18 UTC] PHP   1. {main}() C:\wamp64\www\widemaze\wcc.php:0
[31-Mar-2026 19:06:18 UTC] PHP Warning:  Undefined variable $activeTab in C:\wamp64\www\widemaze\wcc.php on line 758
[31-Mar-2026 19:06:18 UTC] PHP Stack trace:
[31-Mar-2026 19:06:18 UTC] PHP   1. {main}() C:\wamp64\www\widemaze\wcc.php:0
[31-Mar-2026 19:06:18 UTC] PHP Warning:  Undefined variable $activeTab in C:\wamp64\www\widemaze\wcc.php on line 761
[31-Mar-2026 19:06:18 UTC] PHP Stack trace:
[31-Mar-2026 19:06:18 UTC] PHP   1. {main}() C:\wamp64\www\widemaze\wcc.php:0
[31-Mar-2026 19:06:18 UTC] PHP Warning:  Undefined variable $trendingCommunities in C:\wamp64\www\widemaze\wcc.php on line 844
[31-Mar-2026 19:06:18 UTC] PHP Stack trace:
[31-Mar-2026 19:06:18 UTC] PHP   1. {main}() C:\wamp64\www\widemaze\wcc.php:0
[31-Mar-2026 19:06:18 UTC] PHP Warning:  foreach() argument must be of type array|object, null given in C:\wamp64\www\widemaze\wcc.php on line 844
[31-Mar-2026 19:06:18 UTC] PHP Stack trace:
[31-Mar-2026 19:06:18 UTC] PHP   1. {main}() C:\wamp64\www\widemaze\wcc.php:0
[31-Mar-2026 19:07:37 UTC] PHP Warning:  Undefined variable $activeTab in C:\wamp64\www\widemaze\wcc.php on line 734
[31-Mar-2026 19:07:37 UTC] PHP Stack trace:
[31-Mar-2026 19:07:37 UTC] PHP   1. {main}() C:\wamp64\www\widemaze\wcc.php:0
[31-Mar-2026 19:07:37 UTC] PHP Warning:  Undefined variable $activeTab in C:\wamp64\www\widemaze\wcc.php on line 737
[31-Mar-2026 19:07:37 UTC] PHP Stack trace:
[31-Mar-2026 19:07:37 UTC] PHP   1. {main}() C:\wamp64\www\widemaze\wcc.php:0
[31-Mar-2026 19:07:37 UTC] PHP Warning:  Undefined variable $activeTab in C:\wamp64\www\widemaze\wcc.php on line 740
[31-Mar-2026 19:07:37 UTC] PHP Stack trace:
[31-Mar-2026 19:07:37 UTC] PHP   1. {main}() C:\wamp64\www\widemaze\wcc.php:0
[31-Mar-2026 19:07:37 UTC] PHP Warning:  Undefined variable $activeTab in C:\wamp64\www\widemaze\wcc.php on line 743
[31-Mar-2026 19:07:37 UTC] PHP Stack trace:
[31-Mar-2026 19:07:37 UTC] PHP   1. {main}() C:\wamp64\www\widemaze\wcc.php:0
[31-Mar-2026 19:07:37 UTC] PHP Warning:  Undefined variable $activeTab in C:\wamp64\www\widemaze\wcc.php on line 746
[31-Mar-2026 19:07:37 UTC] PHP Stack trace:
[31-Mar-2026 19:07:37 UTC] PHP   1. {main}() C:\wamp64\www\widemaze\wcc.php:0
[31-Mar-2026 19:07:37 UTC] PHP Warning:  Undefined variable $activeTab in C:\wamp64\www\widemaze\wcc.php on line 749
[31-Mar-2026 19:07:37 UTC] PHP Stack trace:
[31-Mar-2026 19:07:37 UTC] PHP   1. {main}() C:\wamp64\www\widemaze\wcc.php:0
[31-Mar-2026 19:07:37 UTC] PHP Warning:  Undefined variable $activeTab in C:\wamp64\www\widemaze\wcc.php on line 752
[31-Mar-2026 19:07:37 UTC] PHP Stack trace:
[31-Mar-2026 19:07:37 UTC] PHP   1. {main}() C:\wamp64\www\widemaze\wcc.php:0
[31-Mar-2026 19:07:37 UTC] PHP Warning:  Undefined variable $activeTab in C:\wamp64\www\widemaze\wcc.php on line 755
[31-Mar-2026 19:07:37 UTC] PHP Stack trace:
[31-Mar-2026 19:07:37 UTC] PHP   1. {main}() C:\wamp64\www\widemaze\wcc.php:0
[31-Mar-2026 19:07:37 UTC] PHP Warning:  Undefined variable $activeTab in C:\wamp64\www\widemaze\wcc.php on line 758
[31-Mar-2026 19:07:37 UTC] PHP Stack trace:
[31-Mar-2026 19:07:37 UTC] PHP   1. {main}() C:\wamp64\www\widemaze\wcc.php:0
[31-Mar-2026 19:07:37 UTC] PHP Warning:  Undefined variable $activeTab in C:\wamp64\www\widemaze\wcc.php on line 761
[31-Mar-2026 19:07:37 UTC] PHP Stack trace:
[31-Mar-2026 19:07:37 UTC] PHP   1. {main}() C:\wamp64\www\widemaze\wcc.php:0
[31-Mar-2026 19:07:37 UTC] PHP Warning:  Undefined variable $trendingCommunities in C:\wamp64\www\widemaze\wcc.php on line 844
[31-Mar-2026 19:07:37 UTC] PHP Stack trace:
[31-Mar-2026 19:07:37 UTC] PHP   1. {main}() C:\wamp64\www\widemaze\wcc.php:0
[31-Mar-2026 19:07:37 UTC] PHP Warning:  foreach() argument must be of type array|object, null given in C:\wamp64\www\widemaze\wcc.php on line 844
[31-Mar-2026 19:07:37 UTC] PHP Stack trace:
[31-Mar-2026 19:07:37 UTC] PHP   1. {main}() C:\wamp64\www\widemaze\wcc.php:0
[31-Mar-2026 19:09:51 UTC] PHP Warning:  Undefined variable $activeTab in C:\wamp64\www\widemaze\wcc.php on line 737
[31-Mar-2026 19:09:51 UTC] PHP Stack trace:
[31-Mar-2026 19:09:51 UTC] PHP   1. {main}() C:\wamp64\www\widemaze\wcc.php:0
[31-Mar-2026 19:09:51 UTC] PHP Warning:  Undefined variable $activeTab in C:\wamp64\www\widemaze\wcc.php on line 740
[31-Mar-2026 19:09:51 UTC] PHP Stack trace:
[31-Mar-2026 19:09:51 UTC] PHP   1. {main}() C:\wamp64\www\widemaze\wcc.php:0
[31-Mar-2026 19:09:51 UTC] PHP Warning:  Undefined variable $activeTab in C:\wamp64\www\widemaze\wcc.php on line 743
[31-Mar-2026 19:09:51 UTC] PHP Stack trace:
[31-Mar-2026 19:09:51 UTC] PHP   1. {main}() C:\wamp64\www\widemaze\wcc.php:0
[31-Mar-2026 19:09:51 UTC] PHP Warning:  Undefined variable $activeTab in C:\wamp64\www\widemaze\wcc.php on line 746
[31-Mar-2026 19:09:51 UTC] PHP Stack trace:
[31-Mar-2026 19:09:51 UTC] PHP   1. {main}() C:\wamp64\www\widemaze\wcc.php:0
[31-Mar-2026 19:09:51 UTC] PHP Warning:  Undefined variable $activeTab in C:\wamp64\www\widemaze\wcc.php on line 749
[31-Mar-2026 19:09:51 UTC] PHP Stack trace:
[31-Mar-2026 19:09:51 UTC] PHP   1. {main}() C:\wamp64\www\widemaze\wcc.php:0
[31-Mar-2026 19:09:51 UTC] PHP Warning:  Undefined variable $activeTab in C:\wamp64\www\widemaze\wcc.php on line 752
[31-Mar-2026 19:09:51 UTC] PHP Stack trace:
[31-Mar-2026 19:09:51 UTC] PHP   1. {main}() C:\wamp64\www\widemaze\wcc.php:0
[31-Mar-2026 19:09:51 UTC] PHP Warning:  Undefined variable $activeTab in C:\wamp64\www\widemaze\wcc.php on line 755
[31-Mar-2026 19:09:51 UTC] PHP Stack trace:
[31-Mar-2026 19:09:51 UTC] PHP   1. {main}() C:\wamp64\www\widemaze\wcc.php:0
[31-Mar-2026 19:09:51 UTC] PHP Warning:  Undefined variable $activeTab in C:\wamp64\www\widemaze\wcc.php on line 758
[31-Mar-2026 19:09:51 UTC] PHP Stack trace:
[31-Mar-2026 19:09:51 UTC] PHP   1. {main}() C:\wamp64\www\widemaze\wcc.php:0
[31-Mar-2026 19:09:51 UTC] PHP Warning:  Undefined variable $activeTab in C:\wamp64\www\widemaze\wcc.php on line 761
[31-Mar-2026 19:09:51 UTC] PHP Stack trace:
[31-Mar-2026 19:09:51 UTC] PHP   1. {main}() C:\wamp64\www\widemaze\wcc.php:0
[31-Mar-2026 19:09:51 UTC] PHP Warning:  Undefined variable $activeTab in C:\wamp64\www\widemaze\wcc.php on line 764
[31-Mar-2026 19:09:51 UTC] PHP Stack trace:
[31-Mar-2026 19:09:51 UTC] PHP   1. {main}() C:\wamp64\www\widemaze\wcc.php:0
[31-Mar-2026 19:09:51 UTC] PHP Warning:  Undefined variable $trendingCommunities in C:\wamp64\www\widemaze\wcc.php on line 847
[31-Mar-2026 19:09:51 UTC] PHP Stack trace:
[31-Mar-2026 19:09:51 UTC] PHP   1. {main}() C:\wamp64\www\widemaze\wcc.php:0
[31-Mar-2026 19:09:51 UTC] PHP Warning:  foreach() argument must be of type array|object, null given in C:\wamp64\www\widemaze\wcc.php on line 847
[31-Mar-2026 19:09:51 UTC] PHP Stack trace:
[31-Mar-2026 19:09:51 UTC] PHP   1. {main}() C:\wamp64\www\widemaze\wcc.php:0
[31-Mar-2026 19:10:36 UTC] PHP Warning:  Undefined variable $activeTab in C:\wamp64\www\widemaze\wcc.php on line 737
[31-Mar-2026 19:10:36 UTC] PHP Stack trace:
[31-Mar-2026 19:10:36 UTC] PHP   1. {main}() C:\wamp64\www\widemaze\wcc.php:0
[31-Mar-2026 19:10:36 UTC] PHP Warning:  Undefined variable $activeTab in C:\wamp64\www\widemaze\wcc.php on line 740
[31-Mar-2026 19:10:36 UTC] PHP Stack trace:
[31-Mar-2026 19:10:36 UTC] PHP   1. {main}() C:\wamp64\www\widemaze\wcc.php:0
[31-Mar-2026 19:10:36 UTC] PHP Warning:  Undefined variable $activeTab in C:\wamp64\www\widemaze\wcc.php on line 743
[31-Mar-2026 19:10:36 UTC] PHP Stack trace:
[31-Mar-2026 19:10:36 UTC] PHP   1. {main}() C:\wamp64\www\widemaze\wcc.php:0
[31-Mar-2026 19:10:36 UTC] PHP Warning:  Undefined variable $activeTab in C:\wamp64\www\widemaze\wcc.php on line 746
[31-Mar-2026 19:10:36 UTC] PHP Stack trace:
[31-Mar-2026 19:10:36 UTC] PHP   1. {main}() C:\wamp64\www\widemaze\wcc.php:0
[31-Mar-2026 19:10:36 UTC] PHP Warning:  Undefined variable $activeTab in C:\wamp64\www\widemaze\wcc.php on line 749
[31-Mar-2026 19:10:36 UTC] PHP Stack trace:
[31-Mar-2026 19:10:36 UTC] PHP   1. {main}() C:\wamp64\www\widemaze\wcc.php:0
[31-Mar-2026 19:10:36 UTC] PHP Warning:  Undefined variable $activeTab in C:\wamp64\www\widemaze\wcc.php on line 752
[31-Mar-2026 19:10:36 UTC] PHP Stack trace:
[31-Mar-2026 19:10:36 UTC] PHP   1. {main}() C:\wamp64\www\widemaze\wcc.php:0
[31-Mar-2026 19:10:36 UTC] PHP Warning:  Undefined variable $activeTab in C:\wamp64\www\widemaze\wcc.php on line 755
[31-Mar-2026 19:10:36 UTC] PHP Stack trace:
[31-Mar-2026 19:10:36 UTC] PHP   1. {main}() C:\wamp64\www\widemaze\wcc.php:0
[31-Mar-2026 19:10:36 UTC] PHP Warning:  Undefined variable $activeTab in C:\wamp64\www\widemaze\wcc.php on line 758
[31-Mar-2026 19:10:36 UTC] PHP Stack trace:
[31-Mar-2026 19:10:36 UTC] PHP   1. {main}() C:\wamp64\www\widemaze\wcc.php:0
[31-Mar-2026 19:10:36 UTC] PHP Warning:  Undefined variable $activeTab in C:\wamp64\www\widemaze\wcc.php on line 761
[31-Mar-2026 19:10:36 UTC] PHP Stack trace:
[31-Mar-2026 19:10:36 UTC] PHP   1. {main}() C:\wamp64\www\widemaze\wcc.php:0
[31-Mar-2026 19:10:36 UTC] PHP Warning:  Undefined variable $activeTab in C:\wamp64\www\widemaze\wcc.php on line 764
[31-Mar-2026 19:10:36 UTC] PHP Stack trace:
[31-Mar-2026 19:10:36 UTC] PHP   1. {main}() C:\wamp64\www\widemaze\wcc.php:0
[31-Mar-2026 19:10:36 UTC] PHP Warning:  Undefined variable $trendingCommunities in C:\wamp64\www\widemaze\wcc.php on line 847
[31-Mar-2026 19:10:36 UTC] PHP Stack trace:
[31-Mar-2026 19:10:36 UTC] PHP   1. {main}() C:\wamp64\www\widemaze\wcc.php:0
[31-Mar-2026 19:10:36 UTC] PHP Warning:  foreach() argument must be of type array|object, null given in C:\wamp64\www\widemaze\wcc.php on line 847
[31-Mar-2026 19:10:36 UTC] PHP Stack trace:
[31-Mar-2026 19:10:36 UTC] PHP   1. {main}() C:\wamp64\www\widemaze\wcc.php:0
[31-Mar-2026 19:11:36 UTC] PHP Warning:  Undefined variable $activeTab in C:\wamp64\www\widemaze\wcc.php on line 737
[31-Mar-2026 19:11:36 UTC] PHP Stack trace:
[31-Mar-2026 19:11:36 UTC] PHP   1. {main}() C:\wamp64\www\widemaze\wcc.php:0
[31-Mar-2026 19:11:36 UTC] PHP Warning:  Undefined variable $activeTab in C:\wamp64\www\widemaze\wcc.php on line 740
[31-Mar-2026 19:11:36 UTC] PHP Stack trace:
[31-Mar-2026 19:11:36 UTC] PHP   1. {main}() C:\wamp64\www\widemaze\wcc.php:0
[31-Mar-2026 19:11:36 UTC] PHP Warning:  Undefined variable $activeTab in C:\wamp64\www\widemaze\wcc.php on line 743
[31-Mar-2026 19:11:36 UTC] PHP Stack trace:
[31-Mar-2026 19:11:36 UTC] PHP   1. {main}() C:\wamp64\www\widemaze\wcc.php:0
[31-Mar-2026 19:11:36 UTC] PHP Warning:  Undefined variable $activeTab in C:\wamp64\www\widemaze\wcc.php on line 746
[31-Mar-2026 19:11:36 UTC] PHP Stack trace:
[31-Mar-2026 19:11:36 UTC] PHP   1. {main}() C:\wamp64\www\widemaze\wcc.php:0
[31-Mar-2026 19:11:36 UTC] PHP Warning:  Undefined variable $activeTab in C:\wamp64\www\widemaze\wcc.php on line 749
[31-Mar-2026 19:11:36 UTC] PHP Stack trace:
[31-Mar-2026 19:11:36 UTC] PHP   1. {main}() C:\wamp64\www\widemaze\wcc.php:0
[31-Mar-2026 19:11:36 UTC] PHP Warning:  Undefined variable $activeTab in C:\wamp64\www\widemaze\wcc.php on line 752
[31-Mar-2026 19:11:36 UTC] PHP Stack trace:
[31-Mar-2026 19:11:36 UTC] PHP   1. {main}() C:\wamp64\www\widemaze\wcc.php:0
[31-Mar-2026 19:11:36 UTC] PHP Warning:  Undefined variable $activeTab in C:\wamp64\www\widemaze\wcc.php on line 755
[31-Mar-2026 19:11:36 UTC] PHP Stack trace:
[31-Mar-2026 19:11:36 UTC] PHP   1. {main}() C:\wamp64\www\widemaze\wcc.php:0
[31-Mar-2026 19:11:36 UTC] PHP Warning:  Undefined variable $activeTab in C:\wamp64\www\widemaze\wcc.php on line 758
[31-Mar-2026 19:11:36 UTC] PHP Stack trace:
[31-Mar-2026 19:11:36 UTC] PHP   1. {main}() C:\wamp64\www\widemaze\wcc.php:0
[31-Mar-2026 19:11:36 UTC] PHP Warning:  Undefined variable $activeTab in C:\wamp64\www\widemaze\wcc.php on line 761
[31-Mar-2026 19:11:36 UTC] PHP Stack trace:
[31-Mar-2026 19:11:36 UTC] PHP   1. {main}() C:\wamp64\www\widemaze\wcc.php:0
[31-Mar-2026 19:11:36 UTC] PHP Warning:  Undefined variable $activeTab in C:\wamp64\www\widemaze\wcc.php on line 764
[31-Mar-2026 19:11:36 UTC] PHP Stack trace:
[31-Mar-2026 19:11:36 UTC] PHP   1. {main}() C:\wamp64\www\widemaze\wcc.php:0
[31-Mar-2026 19:13:19 UTC] PHP Warning:  Undefined variable $activeTab in C:\wamp64\www\widemaze\wcc.php on line 752
[31-Mar-2026 19:13:19 UTC] PHP Stack trace:
[31-Mar-2026 19:13:19 UTC] PHP   1. {main}() C:\wamp64\www\widemaze\wcc.php:0
[31-Mar-2026 19:13:19 UTC] PHP Warning:  Undefined variable $activeTab in C:\wamp64\www\widemaze\wcc.php on line 755
[31-Mar-2026 19:13:19 UTC] PHP Stack trace:
[31-Mar-2026 19:13:19 UTC] PHP   1. {main}() C:\wamp64\www\widemaze\wcc.php:0
[31-Mar-2026 19:13:19 UTC] PHP Warning:  Undefined variable $activeTab in C:\wamp64\www\widemaze\wcc.php on line 758
[31-Mar-2026 19:13:19 UTC] PHP Stack trace:
[31-Mar-2026 19:13:19 UTC] PHP   1. {main}() C:\wamp64\www\widemaze\wcc.php:0
[31-Mar-2026 19:13:19 UTC] PHP Warning:  Undefined variable $activeTab in C:\wamp64\www\widemaze\wcc.php on line 761
[31-Mar-2026 19:13:19 UTC] PHP Stack trace:
[31-Mar-2026 19:13:19 UTC] PHP   1. {main}() C:\wamp64\www\widemaze\wcc.php:0
[31-Mar-2026 19:13:19 UTC] PHP Warning:  Undefined variable $activeTab in C:\wamp64\www\widemaze\wcc.php on line 764
[31-Mar-2026 19:13:19 UTC] PHP Stack trace:
[31-Mar-2026 19:13:19 UTC] PHP   1. {main}() C:\wamp64\www\widemaze\wcc.php:0
[31-Mar-2026 19:13:19 UTC] PHP Warning:  Undefined variable $activeTab in C:\wamp64\www\widemaze\wcc.php on line 767
[31-Mar-2026 19:13:19 UTC] PHP Stack trace:
[31-Mar-2026 19:13:19 UTC] PHP   1. {main}() C:\wamp64\www\widemaze\wcc.php:0
[31-Mar-2026 19:13:19 UTC] PHP Warning:  Undefined variable $activeTab in C:\wamp64\www\widemaze\wcc.php on line 770
[31-Mar-2026 19:13:19 UTC] PHP Stack trace:
[31-Mar-2026 19:13:19 UTC] PHP   1. {main}() C:\wamp64\www\widemaze\wcc.php:0
[31-Mar-2026 19:13:19 UTC] PHP Warning:  Undefined variable $activeTab in C:\wamp64\www\widemaze\wcc.php on line 773
[31-Mar-2026 19:13:19 UTC] PHP Stack trace:
[31-Mar-2026 19:13:19 UTC] PHP   1. {main}() C:\wamp64\www\widemaze\wcc.php:0
[31-Mar-2026 19:13:19 UTC] PHP Warning:  Undefined variable $activeTab in C:\wamp64\www\widemaze\wcc.php on line 776
[31-Mar-2026 19:13:19 UTC] PHP Stack trace:
[31-Mar-2026 19:13:19 UTC] PHP   1. {main}() C:\wamp64\www\widemaze\wcc.php:0
[31-Mar-2026 19:13:19 UTC] PHP Warning:  Undefined variable $activeTab in C:\wamp64\www\widemaze\wcc.php on line 779
[31-Mar-2026 19:13:19 UTC] PHP Stack trace:
[31-Mar-2026 19:13:19 UTC] PHP   1. {main}() C:\wamp64\www\widemaze\wcc.php:0
